[2019-06-17 18:53:49.829] [sharedprocess] [info] main {"machineId":"3b8e797abbfbd3b94df1d90fd2a8e22ec5203ab643d417b6cf9b66ec33b3df0b"}
[2019-06-17 18:53:49.873] [sharedprocess] [info] Scanned user extensions: 1
[2019-06-17 18:53:49.939] [sharedprocess] [info] Scanned user extensions: 1
[2019-06-17 18:53:49.940] [sharedprocess] [info] Scanned user extensions: 1
[2019-06-17 18:53:49.942] [sharedprocess] [info] Scanned user extensions: 1
[2019-06-17 18:53:50.039] [sharedprocess] [info] Scanned system extensions: 72
[2019-06-17 18:53:50.049] [sharedprocess] [info] Scanned system extensions: 72
[2019-06-17 18:53:50.053] [sharedprocess] [info] Scanned system extensions: 72
[2019-06-17 18:53:50.057] [sharedprocess] [info] Scanned system extensions: 72
[2019-06-17 18:53:50.112] [sharedprocess] [info] Scanned user extensions: 1
[2019-06-17 18:53:50.154] [sharedprocess] [info] Scanned system extensions: 72
[2019-06-17 18:53:50.209] [sharedprocess] [info] Scanned user extensions: 1
[2019-06-17 18:53:56.010] [sharedprocess] [info] Scanned user extensions: 1
[2019-06-17 18:53:56.012] [sharedprocess] [info] Scanned user extensions: 1
[2019-06-17 18:53:56.014] [sharedprocess] [info] Scanned user extensions: 1
[2019-06-17 18:53:56.015] [sharedprocess] [info] Scanned user extensions: 1
[2019-06-17 18:53:56.104] [sharedprocess] [info] Scanned system extensions: 72
[2019-06-17 18:53:56.109] [sharedprocess] [info] Scanned system extensions: 72
[2019-06-17 18:53:56.113] [sharedprocess] [info] Scanned system extensions: 72
[2019-06-17 18:53:56.152] [sharedprocess] [info] Scanned user extensions: 1
[2019-06-17 18:53:56.186] [sharedprocess] [info] Scanned user extensions: 1
[2019-06-17 18:53:56.208] [sharedprocess] [info] Scanned user extensions: 1
[2019-06-17 18:53:56.238] [sharedprocess] [info] Scanned system extensions: 72
[2019-06-17 18:53:56.263] [sharedprocess] [info] Scanned system extensions: 72
[2019-06-17 18:53:56.271] [sharedprocess] [info] Scanned system extensions: 72
[2019-06-17 18:54:05.872] [sharedprocess] [info] Scanned user extensions: 1
[2019-06-17 18:54:05.874] [sharedprocess] [info] Uninstalling extension: johnstoncode.svn-scm
[2019-06-17 18:54:05.881] [sharedprocess] [info] Scanned user extensions: 1
[2019-06-17 18:54:06.077] [sharedprocess] [info] Successfully uninstalled extension: johnstoncode.svn-scm
[2019-06-17 18:54:09.829] [sharedprocess] [info] Scanned user extensions: 0
[2019-06-17 18:54:09.938] [sharedprocess] [info] Scanned system extensions: 72
[2019-06-17 18:54:09.939] [sharedprocess] [info] Scanned system extensions: 72
[2019-06-17 18:54:09.941] [sharedprocess] [info] Scanned system extensions: 72
[2019-06-17 18:54:09.943] [sharedprocess] [info] Scanned system extensions: 72
[2019-06-17 18:54:09.998] [sharedprocess] [info] Scanned user extensions: 0
[2019-06-17 18:54:10.068] [sharedprocess] [info] Scanned user extensions: 0
[2019-06-17 18:54:10.157] [sharedprocess] [info] Scanned user extensions: 0
[2019-06-17 18:54:10.189] [sharedprocess] [info] Scanned system extensions: 72
[2019-06-17 18:54:10.290] [sharedprocess] [info] Scanned user extensions: 0
[2019-06-17 18:54:10.336] [sharedprocess] [info] Scanned system extensions: 72
[2019-06-17 18:54:10.340] [sharedprocess] [info] Scanned system extensions: 72
[2019-06-17 18:54:10.414] [sharedprocess] [info] Scanned user extensions: 0
[2019-06-17 18:54:10.503] [sharedprocess] [info] Scanned system extensions: 72
[2019-06-17 18:54:10.528] [sharedprocess] [info] Scanned user extensions: 0
[2019-06-17 18:54:10.605] [sharedprocess] [info] Scanned user extensions: 0
[2019-06-17 18:54:10.672] [sharedprocess] [info] Scanned user extensions: 0
[2019-06-17 18:54:12.107] [sharedprocess] [info] Scanned user extensions: 0
